<?xml version="1.0" encoding="UTF-8"?>
<!-- Generated by org.testng.reporters.JUnitReportReporter -->
<testsuite hostname="DESKTOP-DJM4LND" failures="0" tests="1" name="chrome.ExtentReportsSample" time="13.010" errors="0" timestamp="2022-11-12T21:50:29 IST" skipped="0">
  <testcase classname="chrome.ExtentReportsSample" name="openTest" time="13.010"/>
  <system-out/>
</testsuite> <!-- chrome.ExtentReportsSample -->
