<?xml version="1.0" encoding="UTF-8"?>
<!-- Generated by org.testng.reporters.JUnitReportReporter -->
<testsuite hostname="Admin-PC" failures="0" tests="1" name="chrome.ExtentReportsSample" time="16.277" errors="0" timestamp="08 Apr 2022 04:20:37 GMT" skipped="0">
  <testcase classname="chrome.ExtentReportsSample" name="openTest" time="16.277"/>
</testsuite> <!-- chrome.ExtentReportsSample -->
